This is pdfTeX, Version 3.141592653-2.6-1.40.25 (MiKTeX 24.1) (preloaded format=pdflatex 2025.9.29)  30 SEP 2025 11:23
entering extended mode
 restricted \write18 enabled.
 %&-line parsing enabled.
**./documentacion.tex
(documentacion.tex
LaTeX2e <2023-11-01> patch level 1
L3 programming layer <2024-01-04>
(C:\Users\arman\AppData\Local\Programs\MiKTeX\tex/latex/base\report.cls
Document Class: report 2023/05/17 v1.4n Standard LaTeX document class
(C:\Users\arman\AppData\Local\Programs\MiKTeX\tex/latex/base\size12.clo
File: size12.clo 2023/05/17 v1.4n Standard LaTeX file (size option)
)
\c@part=\count187
\c@chapter=\count188
\c@section=\count189
\c@subsection=\count190
\c@subsubsection=\count191
\c@paragraph=\count192
\c@subparagraph=\count193
\c@figure=\count194
\c@table=\count195
\abovecaptionskip=\skip48
\belowcaptionskip=\skip49
\bibindent=\dimen140
)
(C:\Users\arman\AppData\Local\Programs\MiKTeX\tex/latex/base\inputenc.sty
Package: inputenc 2021/02/14 v1.3d Input encoding file
\inpenc@prehook=\toks17
\inpenc@posthook=\toks18
)
(C:\Users\arman\AppData\Local\Programs\MiKTeX\tex/latex/base\fontenc.sty
Package: fontenc 2021/04/29 v2.0v Standard LaTeX package
)
(C:\Users\arman\AppData\Local\Programs\MiKTeX\tex/latex/graphics\graphicx.sty
Package: graphicx 2021/09/16 v1.2d Enhanced LaTeX Graphics (DPC,SPQR)

(C:\Users\arman\AppData\Local\Programs\MiKTeX\tex/latex/graphics\keyval.sty
Package: keyval 2022/05/29 v1.15 key=value parser (DPC)
\KV@toks@=\toks19
)
(C:\Users\arman\AppData\Local\Programs\MiKTeX\tex/latex/graphics\graphics.sty
Package: graphics 2022/03/10 v1.4e Standard LaTeX Graphics (DPC,SPQR)

(C:\Users\arman\AppData\Local\Programs\MiKTeX\tex/latex/graphics\trig.sty
Package: trig 2021/08/11 v1.11 sin cos tan (DPC)
)
(C:\Users\arman\AppData\Local\Programs\MiKTeX\tex/latex/graphics-cfg\graphics.c
fg
File: graphics.cfg 2016/06/04 v1.11 sample graphics configuration
)
Package graphics Info: Driver file: pdftex.def on input line 107.

(C:\Users\arman\AppData\Local\Programs\MiKTeX\tex/latex/graphics-def\pdftex.def
File: pdftex.def 2022/09/22 v1.2b Graphics/color driver for pdftex
))
\Gin@req@height=\dimen141
\Gin@req@width=\dimen142
) (C:\Users\arman\AppData\Local\Programs\MiKTeX\tex/latex/amsmath\amsmath.sty
Package: amsmath 2023/05/13 v2.17o AMS math features
\@mathmargin=\skip50
For additional information on amsmath, use the `?' option.
(C:\Users\arman\AppData\Local\Programs\MiKTeX\tex/latex/amsmath\amstext.sty
Package: amstext 2021/08/26 v2.01 AMS text

(C:\Users\arman\AppData\Local\Programs\MiKTeX\tex/latex/amsmath\amsgen.sty
File: amsgen.sty 1999/11/30 v2.0 generic functions
\@emptytoks=\toks20
\ex@=\dimen143
))
(C:\Users\arman\AppData\Local\Programs\MiKTeX\tex/latex/amsmath\amsbsy.sty
Package: amsbsy 1999/11/29 v1.2d Bold Symbols
\pmbraise@=\dimen144
)
(C:\Users\arman\AppData\Local\Programs\MiKTeX\tex/latex/amsmath\amsopn.sty
Package: amsopn 2022/04/08 v2.04 operator names
)
\inf@bad=\count196
LaTeX Info: Redefining \frac on input line 234.
\uproot@=\count197
\leftroot@=\count198
LaTeX Info: Redefining \overline on input line 399.
LaTeX Info: Redefining \colon on input line 410.
\classnum@=\count199
\DOTSCASE@=\count266
LaTeX Info: Redefining \ldots on input line 496.
LaTeX Info: Redefining \dots on input line 499.
LaTeX Info: Redefining \cdots on input line 620.
\Mathstrutbox@=\box51
\strutbox@=\box52
LaTeX Info: Redefining \big on input line 722.
LaTeX Info: Redefining \Big on input line 723.
LaTeX Info: Redefining \bigg on input line 724.
LaTeX Info: Redefining \Bigg on input line 725.
\big@size=\dimen145
LaTeX Font Info:    Redeclaring font encoding OML on input line 743.
LaTeX Font Info:    Redeclaring font encoding OMS on input line 744.
\macc@depth=\count267
LaTeX Info: Redefining \bmod on input line 905.
LaTeX Info: Redefining \pmod on input line 910.
LaTeX Info: Redefining \smash on input line 940.
LaTeX Info: Redefining \relbar on input line 970.
LaTeX Info: Redefining \Relbar on input line 971.
\c@MaxMatrixCols=\count268
\dotsspace@=\muskip16
\c@parentequation=\count269
\dspbrk@lvl=\count270
\tag@help=\toks21
\row@=\count271
\column@=\count272
\maxfields@=\count273
\andhelp@=\toks22
\eqnshift@=\dimen146
\alignsep@=\dimen147
\tagshift@=\dimen148
\tagwidth@=\dimen149
\totwidth@=\dimen150
\lineht@=\dimen151
\@envbody=\toks23
\multlinegap=\skip51
\multlinetaggap=\skip52
\mathdisplay@stack=\toks24
LaTeX Info: Redefining \[ on input line 2953.
LaTeX Info: Redefining \] on input line 2954.
)
(C:\Users\arman\AppData\Local\Programs\MiKTeX\tex/latex/tools\longtable.sty
Package: longtable 2023-11-01 v4.19 Multi-page Table package (DPC)
\LTleft=\skip53
\LTright=\skip54
\LTpre=\skip55
\LTpost=\skip56
\LTchunksize=\count274
\LTcapwidth=\dimen152
\LT@head=\box53
\LT@firsthead=\box54
\LT@foot=\box55
\LT@lastfoot=\box56
\LT@gbox=\box57
\LT@cols=\count275
\LT@rows=\count276
\c@LT@tables=\count277
\c@LT@chunks=\count278
\LT@p@ftn=\toks25
)
(C:\Users\arman\AppData\Local\Programs\MiKTeX\tex/latex/fancyhdr\fancyhdr.sty
Package: fancyhdr 2025/02/07 v5.2 Extensive control of page headers and footers

\f@nch@headwidth=\skip57
\f@nch@offset@elh=\skip58
\f@nch@offset@erh=\skip59
\f@nch@offset@olh=\skip60
\f@nch@offset@orh=\skip61
\f@nch@offset@elf=\skip62
\f@nch@offset@erf=\skip63
\f@nch@offset@olf=\skip64
\f@nch@offset@orf=\skip65
\f@nch@height=\skip66
\f@nch@footalignment=\skip67
\f@nch@widthL=\skip68
\f@nch@widthC=\skip69
\f@nch@widthR=\skip70
\@temptokenb=\toks26
)
(C:\Users\arman\AppData\Local\Programs\MiKTeX\tex/latex/hyperref\hyperref.sty
Package: hyperref 2023-11-26 v7.01g Hypertext links for LaTeX

(C:\Users\arman\AppData\Local\Programs\MiKTeX\tex/generic/iftex\iftex.sty
Package: iftex 2022/02/03 v1.0f TeX engine tests
)
(C:\Users\arman\AppData\Local\Programs\MiKTeX\tex/generic/infwarerr\infwarerr.s
ty
Package: infwarerr 2019/12/03 v1.5 Providing info/warning/error messages (HO)
)
(C:\Users\arman\AppData\Local\Programs\MiKTeX\tex/latex/kvsetkeys\kvsetkeys.sty
Package: kvsetkeys 2022-10-05 v1.19 Key value parser (HO)
)
(C:\Users\arman\AppData\Local\Programs\MiKTeX\tex/generic/kvdefinekeys\kvdefine
keys.sty
Package: kvdefinekeys 2019-12-19 v1.6 Define keys (HO)
)
(C:\Users\arman\AppData\Local\Programs\MiKTeX\tex/generic/pdfescape\pdfescape.s
ty
Package: pdfescape 2019/12/09 v1.15 Implements pdfTeX's escape features (HO)

(C:\Users\arman\AppData\Local\Programs\MiKTeX\tex/generic/ltxcmds\ltxcmds.sty
Package: ltxcmds 2023-12-04 v1.26 LaTeX kernel commands for general use (HO)
)
(C:\Users\arman\AppData\Local\Programs\MiKTeX\tex/generic/pdftexcmds\pdftexcmds
.sty
Package: pdftexcmds 2020-06-27 v0.33 Utility functions of pdfTeX for LuaTeX (HO
)
Package pdftexcmds Info: \pdf@primitive is available.
Package pdftexcmds Info: \pdf@ifprimitive is available.
Package pdftexcmds Info: \pdfdraftmode found.
))
(C:\Users\arman\AppData\Local\Programs\MiKTeX\tex/latex/hycolor\hycolor.sty
Package: hycolor 2020-01-27 v1.10 Color options for hyperref/bookmark (HO)
)
(C:\Users\arman\AppData\Local\Programs\MiKTeX\tex/latex/letltxmacro\letltxmacro
.sty
Package: letltxmacro 2019/12/03 v1.6 Let assignment for LaTeX macros (HO)
)
(C:\Users\arman\AppData\Local\Programs\MiKTeX\tex/latex/auxhook\auxhook.sty
Package: auxhook 2019-12-17 v1.6 Hooks for auxiliary files (HO)
)
(C:\Users\arman\AppData\Local\Programs\MiKTeX\tex/latex/hyperref\nameref.sty
Package: nameref 2023-11-26 v2.56 Cross-referencing by name of section

(C:\Users\arman\AppData\Local\Programs\MiKTeX\tex/latex/refcount\refcount.sty
Package: refcount 2019/12/15 v3.6 Data extraction from label references (HO)
)
(C:\Users\arman\AppData\Local\Programs\MiKTeX\tex/generic/gettitlestring\gettit
lestring.sty
Package: gettitlestring 2019/12/15 v1.6 Cleanup title references (HO)

(C:\Users\arman\AppData\Local\Programs\MiKTeX\tex/latex/kvoptions\kvoptions.sty
Package: kvoptions 2022-06-15 v3.15 Key value format for package options (HO)
))
\c@section@level=\count279
)
(C:\Users\arman\AppData\Local\Programs\MiKTeX\tex/latex/etoolbox\etoolbox.sty
Package: etoolbox 2020/10/05 v2.5k e-TeX tools for LaTeX (JAW)
\etb@tempcnta=\count280
)
\@linkdim=\dimen153
\Hy@linkcounter=\count281
\Hy@pagecounter=\count282

(C:\Users\arman\AppData\Local\Programs\MiKTeX\tex/latex/hyperref\pd1enc.def
File: pd1enc.def 2023-11-26 v7.01g Hyperref: PDFDocEncoding definition (HO)
Now handling font encoding PD1 ...
... no UTF-8 mapping file for font encoding PD1
)
(C:\Users\arman\AppData\Local\Programs\MiKTeX\tex/generic/intcalc\intcalc.sty
Package: intcalc 2019/12/15 v1.3 Expandable calculations with integers (HO)
)
\Hy@SavedSpaceFactor=\count283

(C:\Users\arman\AppData\Local\Programs\MiKTeX\tex/latex/hyperref\puenc.def
File: puenc.def 2023-11-26 v7.01g Hyperref: PDF Unicode definition (HO)
Now handling font encoding PU ...
... no UTF-8 mapping file for font encoding PU
)
Package hyperref Info: Hyper figures OFF on input line 4181.
Package hyperref Info: Link nesting OFF on input line 4186.
Package hyperref Info: Hyper index ON on input line 4189.
Package hyperref Info: Plain pages OFF on input line 4196.
Package hyperref Info: Backreferencing OFF on input line 4201.
Package hyperref Info: Implicit mode ON; LaTeX internals redefined.
Package hyperref Info: Bookmarks ON on input line 4448.
\c@Hy@tempcnt=\count284

(C:\Users\arman\AppData\Local\Programs\MiKTeX\tex/latex/url\url.sty
\Urlmuskip=\muskip17
Package: url 2013/09/16  ver 3.4  Verb mode for urls, etc.
)
LaTeX Info: Redefining \url on input line 4786.
\XeTeXLinkMargin=\dimen154

(C:\Users\arman\AppData\Local\Programs\MiKTeX\tex/generic/bitset\bitset.sty
Package: bitset 2019/12/09 v1.3 Handle bit-vector datatype (HO)

(C:\Users\arman\AppData\Local\Programs\MiKTeX\tex/generic/bigintcalc\bigintcalc
.sty
Package: bigintcalc 2019/12/15 v1.5 Expandable calculations on big integers (HO
)
))
\Fld@menulength=\count285
\Field@Width=\dimen155
\Fld@charsize=\dimen156
Package hyperref Info: Hyper figures OFF on input line 6065.
Package hyperref Info: Link nesting OFF on input line 6070.
Package hyperref Info: Hyper index ON on input line 6073.
Package hyperref Info: backreferencing OFF on input line 6080.
Package hyperref Info: Link coloring OFF on input line 6085.
Package hyperref Info: Link coloring with OCG OFF on input line 6090.
Package hyperref Info: PDF/A mode OFF on input line 6095.

(C:\Users\arman\AppData\Local\Programs\MiKTeX\tex/latex/base\atbegshi-ltx.sty
Package: atbegshi-ltx 2021/01/10 v1.0c Emulation of the original atbegshi
package with kernel methods
)
\Hy@abspage=\count286
\c@Item=\count287
\c@Hfootnote=\count288
)
Package hyperref Info: Driver (autodetected): hpdftex.
(C:\Users\arman\AppData\Local\Programs\MiKTeX\tex/latex/hyperref\hpdftex.def
File: hpdftex.def 2023-11-26 v7.01g Hyperref driver for pdfTeX

(C:\Users\arman\AppData\Local\Programs\MiKTeX\tex/latex/base\atveryend-ltx.sty
Package: atveryend-ltx 2020/08/19 v1.0a Emulation of the original atveryend pac
kage
with kernel methods
)
\Fld@listcount=\count289
\c@bookmark@seq@number=\count290

(C:\Users\arman\AppData\Local\Programs\MiKTeX\tex/latex/rerunfilecheck\rerunfil
echeck.sty
Package: rerunfilecheck 2025-06-21 v1.11 Rerun checks for auxiliary files (HO)

(C:\Users\arman\AppData\Local\Programs\MiKTeX\tex/generic/uniquecounter\uniquec
ounter.sty
Package: uniquecounter 2019/12/15 v1.4 Provide unlimited unique counter (HO)
)
Package uniquecounter Info: New unique counter `rerunfilecheck' on input line 2
84.
)
\Hy@SectionHShift=\skip71
)
(C:\Users\arman\AppData\Local\Programs\MiKTeX\tex/latex/geometry\geometry.sty
Package: geometry 2020/01/02 v5.9 Page Geometry

(C:\Users\arman\AppData\Local\Programs\MiKTeX\tex/generic/iftex\ifvtex.sty
Package: ifvtex 2019/10/25 v1.7 ifvtex legacy package. Use iftex instead.
)
\Gm@cnth=\count291
\Gm@cntv=\count292
\c@Gm@tempcnt=\count293
\Gm@bindingoffset=\dimen157
\Gm@wd@mp=\dimen158
\Gm@odd@mp=\dimen159
\Gm@even@mp=\dimen160
\Gm@layoutwidth=\dimen161
\Gm@layoutheight=\dimen162
\Gm@layouthoffset=\dimen163
\Gm@layoutvoffset=\dimen164
\Gm@dimlist=\toks27

(C:\Users\arman\AppData\Local\Programs\MiKTeX\tex/latex/geometry\geometry.cfg))
(C:\Users\arman\AppData\Local\Programs\MiKTeX\tex/latex/lipsum\lipsum.sty
(C:\Users\arman\AppData\Local\Programs\MiKTeX\tex/latex/l3packages/l3keys2e\l3k
eys2e.sty
(C:\Users\arman\AppData\Local\Programs\MiKTeX\tex/latex/l3kernel\expl3.sty
Package: expl3 2024-01-04 L3 programming layer (loader) 

(C:\Users\arman\AppData\Local\Programs\MiKTeX\tex/latex/l3backend\l3backend-pdf
tex.def
File: l3backend-pdftex.def 2024-01-04 L3 backend support: PDF output (pdfTeX)
\l__color_backend_stack_int=\count294
\l__pdf_internal_box=\box58
))
Package: l3keys2e 2023-10-10 LaTeX2e option processing using LaTeX3 keys
)
Package: lipsum 2021-09-20 v2.7 150 paragraphs of Lorem Ipsum dummy text
\g__lipsum_par_int=\count295
\l__lipsum_a_int=\count296
\l__lipsum_b_int=\count297

(C:\Users\arman\AppData\Local\Programs\MiKTeX\tex/latex/lipsum\lipsum.ltd.tex))
(C:\Users\arman\AppData\Local\Programs\MiKTeX\tex/latex/base\textcomp.sty
Package: textcomp 2020/02/02 v2.0n Standard LaTeX package
)
(documentacion.aux)
\openout1 = `documentacion.aux'.

LaTeX Font Info:    Checking defaults for OML/cmm/m/it on input line 27.
LaTeX Font Info:    ... okay on input line 27.
LaTeX Font Info:    Checking defaults for OMS/cmsy/m/n on input line 27.
LaTeX Font Info:    ... okay on input line 27.
LaTeX Font Info:    Checking defaults for OT1/cmr/m/n on input line 27.
LaTeX Font Info:    ... okay on input line 27.
LaTeX Font Info:    Checking defaults for T1/cmr/m/n on input line 27.
LaTeX Font Info:    ... okay on input line 27.
LaTeX Font Info:    Checking defaults for TS1/cmr/m/n on input line 27.
LaTeX Font Info:    ... okay on input line 27.
LaTeX Font Info:    Checking defaults for OMX/cmex/m/n on input line 27.
LaTeX Font Info:    ... okay on input line 27.
LaTeX Font Info:    Checking defaults for U/cmr/m/n on input line 27.
LaTeX Font Info:    ... okay on input line 27.
LaTeX Font Info:    Checking defaults for PD1/pdf/m/n on input line 27.
LaTeX Font Info:    ... okay on input line 27.
LaTeX Font Info:    Checking defaults for PU/pdf/m/n on input line 27.
LaTeX Font Info:    ... okay on input line 27.

(C:\Users\arman\AppData\Local\Programs\MiKTeX\tex/context/base/mkii\supp-pdf.mk
ii
[Loading MPS to PDF converter (version 2006.09.02).]
\scratchcounter=\count298
\scratchdimen=\dimen165
\scratchbox=\box59
\nofMPsegments=\count299
\nofMParguments=\count300
\everyMPshowfont=\toks28
\MPscratchCnt=\count301
\MPscratchDim=\dimen166
\MPnumerator=\count302
\makeMPintoPDFobject=\count303
\everyMPtoPDFconversion=\toks29
)
(C:\Users\arman\AppData\Local\Programs\MiKTeX\tex/latex/epstopdf-pkg\epstopdf-b
ase.sty
Package: epstopdf-base 2020-01-24 v2.11 Base part for package epstopdf
Package epstopdf-base Info: Redefining graphics rule for `.eps' on input line 4
85.

(C:\Users\arman\AppData\Local\Programs\MiKTeX\tex/latex/00miktex\epstopdf-sys.c
fg
File: epstopdf-sys.cfg 2021/03/18 v2.0 Configuration of epstopdf for MiKTeX
))
Package hyperref Info: Link coloring OFF on input line 27.
 (documentacion.out) (documentacion.out)
\@outlinefile=\write3
\openout3 = `documentacion.out'.


*geometry* driver: auto-detecting
*geometry* detected driver: pdftex
*geometry* verbose mode - [ preamble ] result:
* driver: pdftex
* paper: a4paper
* layout: <same size as paper>
* layoutoffset:(h,v)=(0.0pt,0.0pt)
* modes: 
* h-part:(L,W,R)=(71.13188pt, 455.24411pt, 71.13188pt)
* v-part:(T,H,B)=(71.13188pt, 702.78308pt, 71.13188pt)
* \paperwidth=597.50787pt
* \paperheight=845.04684pt
* \textwidth=455.24411pt
* \textheight=702.78308pt
* \oddsidemargin=-1.1381pt
* \evensidemargin=-1.1381pt
* \topmargin=-38.1381pt
* \headheight=14.5pt
* \headsep=25.0pt
* \topskip=12.0pt
* \footskip=30.0pt
* \marginparwidth=35.0pt
* \marginparsep=10.0pt
* \columnsep=10.0pt
* \skip\footins=10.8pt plus 4.0pt minus 2.0pt
* \hoffset=0.0pt
* \voffset=0.0pt
* \mag=1000
* \@twocolumnfalse
* \@twosidefalse
* \@mparswitchfalse
* \@reversemarginfalse
* (1in=72.27pt=25.4mm, 1cm=28.453pt)

[1

{C:/Users/arman/AppData/Local/MiKTeX/fonts/map/pdftex/pdftex.map}]
pdfTeX warning (ext4): destination with the same identifier (name{page.1}) has 
been already used, duplicate ignored
<to be read again> 
                   \relax 
l.80 \chapter
             *{Resumen} [1

] [2

] [3

] [4

] (documentacion.toc [5

])
\tf@toc=\write4
\openout4 = `documentacion.toc'.

 [6]
(documentacion.lot)
\tf@lot=\write5
\openout5 = `documentacion.lot'.

 [7

] (documentacion.lof)
\tf@lof=\write6
\openout6 = `documentacion.lof'.

 [8

] [9

] [10

]
Chapter 1.
[11

] [12] [13] [14]
Chapter 2.
[15

]
Overfull \hbox (188.4286pt too wide) in alignment at lines 223--227
 [] [] [] [] [] [] 
 []


Overfull \hbox (188.4286pt too wide) in alignment at lines 227--231
 [] [] [] [] [] [] 
 []


Overfull \hbox (188.4286pt too wide) in alignment at lines 231--245
 [] [] [] [] [] [] 
 []

[16]
Chapter 3.

Overfull \hbox (1.99663pt too wide) in paragraph at lines 252--253
\T1/cmr/m/n/12 temática en cada sub-capí-tulo. Todo el con-tenido debe es-tar r
ef-er-en-ci-ado, NO es copy/paste
 []

[17

]
Chapter 4.
[18

]
Overfull \hbox (188.27448pt too wide) in alignment at lines 311--315
 [] [] [] [] [] [] 
 []


Overfull \hbox (188.27448pt too wide) in alignment at lines 315--319
 [] [] [] [] [] [] 
 []


Overfull \hbox (188.27448pt too wide) in alignment at lines 319--331
 [] [] [] [] [] [] 
 []


Overfull \hbox (74.67139pt too wide) in alignment at lines 344--348
 [] [] [] [] 
 []


Overfull \hbox (74.67139pt too wide) in alignment at lines 348--352
 [] [] [] [] 
 []


Underfull \hbox (badness 2903) in paragraph at lines 356--357
\T1/cmr/m/n/12 por-tantes, como grafi-cación y
 []


Overfull \hbox (74.67139pt too wide) in alignment at lines 352--358
 [] [] [] [] 
 []

[19] [20]
Overfull \hbox (36.73912pt too wide) in alignment at lines 417--421
 [] [] [] [] 
 []


Overfull \hbox (36.73912pt too wide) in alignment at lines 421--425
 [] [] [] [] 
 []


Overfull \hbox (36.73912pt too wide) in alignment at lines 425--439
 [] [] [] [] 
 []

[21] [22]
Chapter 5.

Overfull \hbox (22.69003pt too wide) in paragraph at lines 510--511
\T1/cmr/m/n/12 nive-les del mod-elo C4 (Con-texto, Con-tene-dor, Com-po-nente y
 Código). https://c4model.com/} 
 []

[23

] [24]
Overfull \hbox (229.0444pt too wide) in alignment at lines 610--614
 [] [] [] 
 []


Overfull \hbox (229.0444pt too wide) in alignment at lines 614--618
 [] [] [] 
 []


Overfull \hbox (229.0444pt too wide) in alignment at lines 618--624
 [] [] [] 
 []

[25] [26]
Chapter 6.
[27

]
Chapter 7.

Overfull \hbox (99.22466pt too wide) in alignment at lines 699--712
 [] [] 
 []


Underfull \hbox (badness 10000) in paragraph at lines 716--716
[]|\T1/cmr/bx/n/12 Tipo
 []


Underfull \hbox (badness 10000) in paragraph at lines 716--716
\T1/cmr/bx/n/12 de
 []


Underfull \hbox (badness 10000) in paragraph at lines 716--716
[]|\T1/cmr/bx/n/12 Resultado
 []


Overfull \hbox (16.17316pt too wide) in paragraph at lines 716--716
[]|\T1/cmr/bx/n/12 Resultado
 []


Overfull \hbox (20.99278pt too wide) in paragraph at lines 716--717
[]|\T1/cmr/bx/n/12 Corrección| 
 []


Underfull \hbox (badness 10000) in paragraph at lines 720--720
[]|\T1/cmr/bx/n/12 Tipo
 []


Underfull \hbox (badness 10000) in paragraph at lines 720--720
\T1/cmr/bx/n/12 de
 []


Underfull \hbox (badness 10000) in paragraph at lines 720--720
[]|\T1/cmr/bx/n/12 Resultado
 []


Overfull \hbox (16.17316pt too wide) in paragraph at lines 720--720
[]|\T1/cmr/bx/n/12 Resultado
 []


Overfull \hbox (20.99278pt too wide) in paragraph at lines 720--721
[]|\T1/cmr/bx/n/12 Corrección| 
 []


Overfull \hbox (16.9847pt too wide) in paragraph at lines 724--724
[]|\T1/cmr/m/n/12 [ACRÓNIMO]
 []


Underfull \hbox (badness 10000) in paragraph at lines 724--724
\T1/cmr/m/n/12 - M/[No.
 []


Underfull \hbox (badness 10000) in paragraph at lines 724--724
\T1/cmr/m/n/12 De mó-
 []


Underfull \hbox (badness 10000) in paragraph at lines 724--724
\T1/cmr/m/n/12 dulo] ^^U
 []


Underfull \hbox (badness 10000) in paragraph at lines 724--724
\T1/cmr/m/n/12 CU/[No.
 []


Underfull \hbox (badness 10000) in paragraph at lines 724--724
\T1/cmr/m/n/12 De Caso
 []


Underfull \hbox (badness 1163) in paragraph at lines 724--724
\T1/cmr/m/n/12 de Uso] ^^U
 []


Underfull \hbox (badness 10000) in paragraph at lines 724--724
\T1/cmr/m/n/12 ECP/[No.
 []


Underfull \hbox (badness 10000) in paragraph at lines 724--724
\T1/cmr/m/n/12 Del es-ce-
 []


Underfull \hbox (badness 10000) in paragraph at lines 724--724
\T1/cmr/m/n/12 nario del
 []


Underfull \hbox (badness 10000) in paragraph at lines 724--724
\T1/cmr/m/n/12 caso de
 []


Underfull \hbox (badness 10000) in paragraph at lines 724--724
\T1/cmr/m/n/12 prueba] ^^U
 []


Overfull \hbox (8.5826pt too wide) in paragraph at lines 724--724
[]|\T1/cmr/m/n/12 {Descripción
 []


Underfull \hbox (badness 1783) in paragraph at lines 724--724
\T1/cmr/m/n/12 de lo que
 []


Underfull \hbox (badness 10000) in paragraph at lines 724--724
\T1/cmr/m/n/12 en el
 []


Overfull \hbox (10.30998pt too wide) in paragraph at lines 724--724
[]|\T1/cmr/m/n/12 {Información
 []


Underfull \hbox (badness 10000) in paragraph at lines 724--724
\T1/cmr/m/n/12 lizará en
 []


Underfull \hbox (badness 10000) in paragraph at lines 724--724
\T1/cmr/m/n/12 cam-pos
 []


Underfull \hbox (badness 10000) in paragraph at lines 724--724
\T1/cmr/m/n/12 donde se
 []


Underfull \hbox (badness 10000) in paragraph at lines 724--724
\T1/cmr/m/n/12 re-quiera
 []


Underfull \hbox (badness 10000) in paragraph at lines 724--724
\T1/cmr/m/n/12 in-for-ma-
 []


Overfull \hbox (12.20601pt too wide) in paragraph at lines 724--724
[]|\T1/cmr/m/n/12 [Optimista
 []


Underfull \hbox (badness 10000) in paragraph at lines 724--724
\T1/cmr/m/n/12 / No
 []


Underfull \hbox (badness 10000) in paragraph at lines 724--724
\T1/cmr/m/n/12 op-ti-
 []


Underfull \hbox (badness 10000) in paragraph at lines 724--724
[]|\T1/cmr/m/n/12 {Descripción
 []


Underfull \hbox (badness 1817) in paragraph at lines 724--724
\T1/cmr/m/n/12 del re-sul-tado
 []


Underfull \hbox (badness 10000) in paragraph at lines 724--724
\T1/cmr/m/n/12 es-per-ado al
 []


Underfull \hbox (badness 10000) in paragraph at lines 724--724
\T1/cmr/m/n/12 eje-cu-tar el
 []


Underfull \hbox (badness 10000) in paragraph at lines 724--724
\T1/cmr/m/n/12 es-ce-nario de
 []


Overfull \hbox (65.97762pt too wide) in paragraph at lines 724--724
[]|\T1/cmr/m/n/12 [Correcto/Incorrecto]| 
 []


Overfull \hbox (18.98076pt too wide) in paragraph at lines 724--725
[]|\T1/cmr/m/n/12 [SI/NO/NO
 []


Overfull \hbox (6.25056pt too wide) in paragraph at lines 724--725
\T1/cmr/m/n/12 APLICA]| 
 []


Underfull \hbox (badness 10000) in paragraph at lines 725--726
[]|\T1/cmr/m/n/12 {En
 []


Underfull \hbox (badness 10000) in paragraph at lines 725--726
\T1/cmr/m/n/12 caso
 []


Underfull \hbox (badness 10000) in paragraph at lines 725--726
\T1/cmr/m/n/12 de no
 []


Underfull \hbox (badness 10000) in paragraph at lines 725--726
\T1/cmr/m/n/12 aplicar,
 []


Underfull \hbox (badness 10000) in paragraph at lines 725--726
\T1/cmr/m/n/12 es
 []


Underfull \hbox (badness 10000) in paragraph at lines 725--726
\T1/cmr/m/n/12 im-por-
 []


Underfull \hbox (badness 10000) in paragraph at lines 725--726
\T1/cmr/m/n/12 tante
 []


Underfull \hbox (badness 10000) in paragraph at lines 725--726
\T1/cmr/m/n/12 una
 []


Underfull \hbox (badness 10000) in paragraph at lines 725--726
\T1/cmr/m/n/12 breve
 []


Underfull \hbox (badness 10000) in paragraph at lines 725--726
\T1/cmr/m/n/12 de-scrip-
 []

[28

] [29] [30]
Overfull \hbox (220.9511pt too wide) in alignment at lines 780--784
 [] [] [] [] [] 
 []


Overfull \hbox (220.9511pt too wide) in alignment at lines 784--788
 [] [] [] [] [] 
 []


Overfull \hbox (220.9511pt too wide) in alignment at lines 788--796
 [] [] [] [] [] 
 []


Overfull \hbox (117.64806pt too wide) in alignment at lines 824--828
 [] [] 
 []


Overfull \hbox (117.64806pt too wide) in alignment at lines 828--832
 [] [] 
 []


Overfull \hbox (117.64806pt too wide) in alignment at lines 832--842
 [] [] 
 []


Underfull \hbox (badness 10000) in paragraph at lines 849--849
[]|\T1/cmr/bx/n/12 Tipo
 []


Underfull \hbox (badness 10000) in paragraph at lines 849--849
\T1/cmr/bx/n/12 de
 []


Underfull \hbox (badness 10000) in paragraph at lines 849--849
[]|\T1/cmr/bx/n/12 Resultado
 []


Overfull \hbox (16.17316pt too wide) in paragraph at lines 849--849
[]|\T1/cmr/bx/n/12 Resultado
 []


Overfull \hbox (20.99278pt too wide) in paragraph at lines 849--850
[]|\T1/cmr/bx/n/12 Corrección| 
 []


Underfull \hbox (badness 10000) in paragraph at lines 853--853
[]|\T1/cmr/bx/n/12 Tipo
 []


Underfull \hbox (badness 10000) in paragraph at lines 853--853
\T1/cmr/bx/n/12 de
 []


Underfull \hbox (badness 10000) in paragraph at lines 853--853
[]|\T1/cmr/bx/n/12 Resultado
 []


Overfull \hbox (16.17316pt too wide) in paragraph at lines 853--853
[]|\T1/cmr/bx/n/12 Resultado
 []


Overfull \hbox (20.99278pt too wide) in paragraph at lines 853--854
[]|\T1/cmr/bx/n/12 Corrección| 
 []


Underfull \hbox (badness 1688) in paragraph at lines 857--857
\T1/cmr/m/n/12 ECP/01 ^^U
 []


Underfull \hbox (badness 10000) in paragraph at lines 857--857
[]|\T1/cmr/m/n/12 Se in-ten-
 []


Underfull \hbox (badness 1888) in paragraph at lines 857--857
\T1/cmr/m/n/12 sesión con
 []


Underfull \hbox (badness 10000) in paragraph at lines 857--857
\T1/cmr/m/n/12 reg-istrado
 []


Underfull \hbox (badness 10000) in paragraph at lines 857--857
\T1/cmr/m/n/12 y una
 []


Underfull \hbox (badness 10000) in paragraph at lines 857--857
\T1/cmr/m/n/12 con-traseña
 []


Underfull \hbox (badness 10000) in paragraph at lines 857--857
[]|\T1/cmr/m/n/12 Usuario:
 []


Overfull \hbox (24.99803pt too wide) in paragraph at lines 857--857
\T1/cmr/m/n/12 "benji@ipn.mx"
 []


Underfull \hbox (badness 10000) in paragraph at lines 857--857
\T1/cmr/m/n/12 Con-
 []


Underfull \hbox (badness 10000) in paragraph at lines 857--857
\T1/cmr/m/n/12 traseña:
 []


Underfull \hbox (badness 10000) in paragraph at lines 857--857
\T1/cmr/m/n/12 "mi-Pass-
 []


Overfull \hbox (8.94293pt too wide) in paragraph at lines 857--857
[]|\T1/cmr/m/n/12 Optimista| 
 []


Underfull \hbox (badness 10000) in paragraph at lines 857--857
[]|\T1/cmr/m/n/12 El sis-tema
 []


Underfull \hbox (badness 10000) in paragraph at lines 857--857
\T1/cmr/m/n/12 mues-tra un
 []


Underfull \hbox (badness 10000) in paragraph at lines 857--857
\T1/cmr/m/n/12 men-saje de
 []


Overfull \hbox (1.69893pt too wide) in paragraph at lines 857--857
[]|\T1/cmr/m/n/12 Correcto| 
 []


Underfull \hbox (badness 10000) in paragraph at lines 857--858
[]|\T1/cmr/m/n/12 NO
 []


Overfull \hbox (2.98749pt too wide) in paragraph at lines 857--858
\T1/cmr/m/n/12 APLICA
 []


Underfull \hbox (badness 10000) in paragraph at lines 857--858
\T1/cmr/m/n/12 Se ob-
 []


Underfull \hbox (badness 5475) in paragraph at lines 857--858
\T1/cmr/m/n/12 tuvo el
 []


Overfull \hbox (9.85663pt too wide) in paragraph at lines 857--858
\T1/cmr/m/n/12 comporta-
 []


Underfull \hbox (badness 10000) in paragraph at lines 857--858
\T1/cmr/m/n/12 miento
 []


Underfull \hbox (badness 10000) in paragraph at lines 857--858
\T1/cmr/m/n/12 es-per-
 []


Underfull \hbox (badness 1688) in paragraph at lines 859--859
\T1/cmr/m/n/12 ECP/01 ^^U
 []


Underfull \hbox (badness 10000) in paragraph at lines 859--859
[]|\T1/cmr/m/n/12 Se in-ten-
 []


Underfull \hbox (badness 1888) in paragraph at lines 859--859
\T1/cmr/m/n/12 sesión con
 []


Underfull \hbox (badness 10000) in paragraph at lines 859--859
\T1/cmr/m/n/12 reg-istrado
 []


Underfull \hbox (badness 10000) in paragraph at lines 859--859
\T1/cmr/m/n/12 y una
 []


Underfull \hbox (badness 10000) in paragraph at lines 859--859
\T1/cmr/m/n/12 con-traseña
 []


Underfull \hbox (badness 10000) in paragraph at lines 859--859
[]|\T1/cmr/m/n/12 Usuario:
 []


Overfull \hbox (24.99803pt too wide) in paragraph at lines 859--859
\T1/cmr/m/n/12 "benji@ipn.mx"
 []


Underfull \hbox (badness 10000) in paragraph at lines 859--859
\T1/cmr/m/n/12 Con-
 []


Underfull \hbox (badness 10000) in paragraph at lines 859--859
\T1/cmr/m/n/12 traseña:
 []


Overfull \hbox (4.47112pt too wide) in paragraph at lines 859--859
\T1/cmr/m/n/12 "OtroPasss-
 []


Underfull \hbox (badness 1215) in paragraph at lines 859--859
[]|\T1/cmr/m/n/12 No Op-
 []


Underfull \hbox (badness 10000) in paragraph at lines 859--859
[]|\T1/cmr/m/n/12 El sis-tema
 []


Underfull \hbox (badness 10000) in paragraph at lines 859--859
\T1/cmr/m/n/12 mues-tra un
 []


Underfull \hbox (badness 10000) in paragraph at lines 859--859
\T1/cmr/m/n/12 men-saje de
 []


Underfull \hbox (badness 10000) in paragraph at lines 859--859
\T1/cmr/m/n/12 tiene ac-ceso
 []


Overfull \hbox (1.69893pt too wide) in paragraph at lines 859--859
[]|\T1/cmr/m/n/12 Correcto| 
 []


Underfull \hbox (badness 10000) in paragraph at lines 859--860
[]|\T1/cmr/m/n/12 NO
 []


Overfull \hbox (2.98749pt too wide) in paragraph at lines 859--860
\T1/cmr/m/n/12 APLICA
 []


Underfull \hbox (badness 10000) in paragraph at lines 859--860
\T1/cmr/m/n/12 Se ob-
 []


Underfull \hbox (badness 5475) in paragraph at lines 859--860
\T1/cmr/m/n/12 tuvo el
 []


Overfull \hbox (9.85663pt too wide) in paragraph at lines 859--860
\T1/cmr/m/n/12 comporta-
 []


Underfull \hbox (badness 10000) in paragraph at lines 859--860
\T1/cmr/m/n/12 miento
 []


Underfull \hbox (badness 10000) in paragraph at lines 859--860
\T1/cmr/m/n/12 es-per-
 []


Underfull \hbox (badness 1688) in paragraph at lines 861--861
\T1/cmr/m/n/12 ECP/01 ^^U
 []


Underfull \hbox (badness 10000) in paragraph at lines 861--861
[]|\T1/cmr/m/n/12 Se in-ten-
 []


Underfull \hbox (badness 10000) in paragraph at lines 861--861
\T1/cmr/m/n/12 sesión
 []


Underfull \hbox (badness 10000) in paragraph at lines 861--861
\T1/cmr/m/n/12 con un
 []


Underfull \hbox (badness 10000) in paragraph at lines 861--861
\T1/cmr/m/n/12 reg-istrado
 []


Underfull \hbox (badness 10000) in paragraph at lines 861--861
\T1/cmr/m/n/12 y una
 []


Underfull \hbox (badness 10000) in paragraph at lines 861--861
\T1/cmr/m/n/12 con-traseña
 []


Underfull \hbox (badness 10000) in paragraph at lines 861--861
[]|\T1/cmr/m/n/12 Usuario:
 []


Overfull \hbox (26.9559pt too wide) in paragraph at lines 861--861
\T1/cmr/m/n/12 "nadie@ipn.mx"
 []


Underfull \hbox (badness 10000) in paragraph at lines 861--861
\T1/cmr/m/n/12 Con-
 []


Underfull \hbox (badness 10000) in paragraph at lines 861--861
\T1/cmr/m/n/12 traseña:
 []


Underfull \hbox (badness 10000) in paragraph at lines 861--861
\T1/cmr/m/n/12 "mi-Passs-
 []


Underfull \hbox (badness 1215) in paragraph at lines 861--861
[]|\T1/cmr/m/n/12 No Op-
 []


Underfull \hbox (badness 10000) in paragraph at lines 861--861
[]|\T1/cmr/m/n/12 El sis-tema
 []


Underfull \hbox (badness 10000) in paragraph at lines 861--861
\T1/cmr/m/n/12 mues-tra un
 []


Underfull \hbox (badness 10000) in paragraph at lines 861--861
\T1/cmr/m/n/12 men-saje de
 []


Underfull \hbox (badness 10000) in paragraph at lines 861--861
\T1/cmr/m/n/12 tiene ac-ceso
 []


Overfull \hbox (1.69893pt too wide) in paragraph at lines 861--861
[]|\T1/cmr/m/n/12 Correcto| 
 []


Underfull \hbox (badness 10000) in paragraph at lines 861--862
[]|\T1/cmr/m/n/12 NO
 []


Overfull \hbox (2.98749pt too wide) in paragraph at lines 861--862
\T1/cmr/m/n/12 APLICA
 []


Underfull \hbox (badness 10000) in paragraph at lines 861--862
\T1/cmr/m/n/12 Se ob-
 []


Underfull \hbox (badness 5475) in paragraph at lines 861--862
\T1/cmr/m/n/12 tuvo el
 []


Overfull \hbox (9.85663pt too wide) in paragraph at lines 861--862
\T1/cmr/m/n/12 comporta-
 []


Underfull \hbox (badness 10000) in paragraph at lines 861--862
\T1/cmr/m/n/12 miento
 []


Underfull \hbox (badness 10000) in paragraph at lines 861--862
\T1/cmr/m/n/12 es-per-
 []

[31] [32] [33]
Chapter 8.
[34

] [35

] [36

] (documentacion.aux)
 ***********
LaTeX2e <2023-11-01> patch level 1
L3 programming layer <2024-01-04>
 ***********
Package rerunfilecheck Info: File `documentacion.out' has not changed.
(rerunfilecheck)             Checksum: 9EFC0A8C2F49816F52B8C1AE9E16CDFC;9720.
 ) 
Here is how much of TeX's memory you used:
 10912 strings out of 474485
 172707 string characters out of 5743734
 1954542 words of memory out of 5000000
 32927 multiletter control sequences out of 15000+600000
 569540 words of font info for 59 fonts, out of 8000000 for 9000
 1141 hyphenation exceptions out of 8191
 79i,12n,93p,807b,551s stack positions out of 10000i,1000n,20000p,200000b,200000s
 <C:\Users\arman\AppData\Local\MiKTeX\fonts/pk/ljfour/jknappen/ec/dpi600\ecbx
1440.pk> <C:\Users\arman\AppData\Local\MiKTeX\fonts/pk/ljfour/jknappen/ec/dpi60
0\tcrm1200.pk> <C:\Users\arman\AppData\Local\MiKTeX\fonts/pk/ljfour/jknappen/ec
/dpi600\ecrm1200.pk> <C:\Users\arman\AppData\Local\MiKTeX\fonts/pk/ljfour/jknap
pen/ec/dpi600\ecbx1200.pk> <C:\Users\arman\AppData\Local\MiKTeX\fonts/pk/ljfour
/jknappen/ec/dpi600\ecrm1728.pk> <C:\Users\arman\AppData\Local\MiKTeX\fonts/pk/
ljfour/jknappen/ec/dpi600\ecrm2074.pk> <C:\Users\arman\AppData\Local\MiKTeX\fon
ts/pk/ljfour/jknappen/ec/dpi600\ecrm2488.pk> <C:\Users\arman\AppData\Local\MiKT
eX\fonts/pk/ljfour/jknappen/ec/dpi600\ecbx1728.pk> <C:\Users\arman\AppData\Loca
l\MiKTeX\fonts/pk/ljfour/jknappen/ec/dpi600\ecbx2074.pk> <C:\Users\arman\AppDat
a\Local\MiKTeX\fonts/pk/ljfour/jknappen/ec/dpi600\ecbx2488.pk>
Output written on documentacion.pdf (37 pages, 268697 bytes).
PDF statistics:
 930 PDF objects out of 1000 (max. 8388607)
 128 named destinations out of 1000 (max. 500000)
 425 words of extra memory for PDF output out of 10000 (max. 10000000)

