\BOOKMARK [0][-]{chapter.1}{\376\377\000I\000n\000t\000r\000o\000d\000u\000c\000c\000i\000\363\000n}{}% 1
\BOOKMARK [1][-]{section.1.1}{\376\377\000P\000r\000o\000p\000\363\000s\000i\000t\000o\000\040\000d\000e\000l\000\040\000D\000o\000c\000u\000m\000e\000n\000t\000o}{chapter.1}% 2
\BOOKMARK [1][-]{section.1.2}{\376\377\000A\000l\000c\000a\000n\000c\000e}{chapter.1}% 3
\BOOKMARK [1][-]{section.1.3}{\376\377\000M\000e\000t\000o\000d\000o\000l\000o\000g\000\355\000a\000\040\000F\000i\000n\000a\000n\000c\000i\000e\000r\000a}{chapter.1}% 4
\BOOKMARK [1][-]{section.1.4}{\376\377\000A\000u\000d\000i\000e\000n\000c\000i\000a}{chapter.1}% 5
\BOOKMARK [0][-]{chapter.2}{\376\377\000A\000n\000\341\000l\000i\000s\000i\000s\000\040\000d\000e\000l\000\040\000S\000i\000s\000t\000e\000m\000a}{}% 6
\BOOKMARK [1][-]{section.2.1}{\376\377\000D\000e\000s\000c\000r\000i\000p\000c\000i\000\363\000n\000\040\000G\000e\000n\000e\000r\000a\000l}{chapter.2}% 7
\BOOKMARK [1][-]{section.2.2}{\376\377\000O\000b\000j\000e\000t\000i\000v\000o\000s\000\040\000d\000e\000l\000\040\000S\000i\000s\000t\000e\000m\000a}{chapter.2}% 8
\BOOKMARK [2][-]{subsection.2.2.1}{\376\377\000O\000b\000j\000e\000t\000i\000v\000o\000\040\000G\000e\000n\000e\000r\000a\000l}{section.2.2}% 9
\BOOKMARK [2][-]{subsection.2.2.2}{\376\377\000O\000b\000j\000e\000t\000i\000v\000o\000s\000\040\000E\000s\000p\000e\000c\000\355\000f\000i\000c\000o\000s}{section.2.2}% 10
\BOOKMARK [1][-]{section.2.3}{\376\377\000A\000c\000t\000o\000r\000e\000s\000\040\000d\000e\000l\000\040\000S\000i\000s\000t\000e\000m\000a}{chapter.2}% 11
\BOOKMARK [2][-]{subsection.2.3.1}{\376\377\000A\000d\000m\000i\000n\000i\000s\000t\000r\000a\000d\000o\000r\000\040\000F\000i\000n\000a\000n\000c\000i\000e\000r\000o}{section.2.3}% 12
\BOOKMARK [1][-]{section.2.4}{\376\377\000R\000e\000q\000u\000i\000s\000i\000t\000o\000s\000\040\000F\000u\000n\000c\000i\000o\000n\000a\000l\000e\000s}{chapter.2}% 13
\BOOKMARK [2][-]{subsection.2.4.1}{\376\377\000R\000e\000q\000u\000e\000r\000i\000m\000i\000e\000n\000t\000o\000s\000\040\000C\000o\000m\000p\000a\000r\000t\000i\000d\000o\000s\000\040\000\050\000A\000p\000p\000\040\000M\000\363\000v\000i\000l\000\040\000y\000\040\000P\000l\000a\000t\000a\000f\000o\000r\000m\000a\000\040\000W\000e\000b\000\051}{section.2.4}% 14
\BOOKMARK [2][-]{subsection.2.4.2}{\376\377\000R\000e\000q\000u\000e\000r\000i\000m\000i\000e\000n\000t\000o\000s\000\040\000E\000x\000c\000l\000u\000s\000i\000v\000o\000s\000\040\000d\000e\000\040\000l\000a\000\040\000A\000p\000l\000i\000c\000a\000c\000i\000\363\000n\000\040\000M\000\363\000v\000i\000l}{section.2.4}% 15
\BOOKMARK [2][-]{subsection.2.4.3}{\376\377\000R\000e\000q\000u\000e\000r\000i\000m\000i\000e\000n\000t\000o\000s\000\040\000E\000x\000c\000l\000u\000s\000i\000v\000o\000s\000\040\000d\000e\000\040\000l\000a\000\040\000P\000l\000a\000t\000a\000f\000o\000r\000m\000a\000\040\000W\000e\000b}{section.2.4}% 16
\BOOKMARK [1][-]{section.2.5}{\376\377\000R\000e\000q\000u\000i\000s\000i\000t\000o\000s\000\040\000N\000o\000\040\000F\000u\000n\000c\000i\000o\000n\000a\000l\000e\000s}{chapter.2}% 17
\BOOKMARK [2][-]{subsection.2.5.1}{\376\377\000R\000N\000F\000-\0000\0001\000:\000\040\000S\000e\000g\000u\000r\000i\000d\000a\000d}{section.2.5}% 18
\BOOKMARK [2][-]{subsection.2.5.2}{\376\377\000R\000N\000F\000-\0000\0002\000:\000\040\000M\000a\000n\000t\000e\000n\000i\000b\000i\000l\000i\000d\000a\000d}{section.2.5}% 19
\BOOKMARK [2][-]{subsection.2.5.3}{\376\377\000R\000N\000F\000-\0000\0003\000:\000\040\000P\000o\000r\000t\000a\000b\000i\000l\000i\000d\000a\000d}{section.2.5}% 20
\BOOKMARK [2][-]{subsection.2.5.4}{\376\377\000R\000N\000F\000-\0000\0004\000:\000\040\000C\000o\000m\000p\000a\000t\000i\000b\000i\000l\000i\000d\000a\000d}{section.2.5}% 21
\BOOKMARK [2][-]{subsection.2.5.5}{\376\377\000R\000N\000F\000-\0000\0005\000:\000\040\000U\000s\000a\000b\000i\000l\000i\000d\000a\000d}{section.2.5}% 22
\BOOKMARK [1][-]{section.2.6}{\376\377\000A\000n\000\341\000l\000i\000s\000i\000s\000\040\000d\000e\000\040\000R\000i\000e\000s\000g\000o\000s}{chapter.2}% 23
\BOOKMARK [2][-]{subsection.2.6.1}{\376\377\000M\000e\000t\000o\000d\000o\000l\000o\000g\000\355\000a\000\040\000d\000e\000\040\000E\000v\000a\000l\000u\000a\000c\000i\000\363\000n}{section.2.6}% 24
\BOOKMARK [2][-]{subsection.2.6.2}{\376\377\000M\000a\000t\000r\000i\000z\000\040\000d\000e\000\040\000E\000v\000a\000l\000u\000a\000c\000i\000\363\000n\000\040\000d\000e\000\040\000R\000i\000e\000s\000g\000o\000s}{section.2.6}% 25
\BOOKMARK [2][-]{subsection.2.6.3}{\376\377\000I\000d\000e\000n\000t\000i\000f\000i\000c\000a\000c\000i\000\363\000n\000\040\000y\000\040\000E\000v\000a\000l\000u\000a\000c\000i\000\363\000n\000\040\000d\000e\000\040\000R\000i\000e\000s\000g\000o\000s}{section.2.6}% 26
\BOOKMARK [2][-]{subsection.2.6.4}{\376\377\000R\000e\000s\000u\000m\000e\000n\000\040\000d\000e\000\040\000E\000s\000t\000r\000a\000t\000e\000g\000i\000a\000s\000\040\000d\000e\000\040\000M\000i\000t\000i\000g\000a\000c\000i\000\363\000n}{section.2.6}% 27
\BOOKMARK [1][-]{section.2.7}{\376\377\000M\000a\000t\000r\000i\000z\000\040\000d\000e\000\040\000C\000u\000m\000p\000l\000i\000m\000i\000e\000n\000t\000o\000\040\000d\000e\000\040\000R\000e\000g\000l\000a\000s\000\040\000d\000e\000\040\000N\000e\000g\000o\000c\000i\000o}{chapter.2}% 28
\BOOKMARK [0][-]{chapter.3}{\376\377\000E\000s\000p\000e\000c\000i\000f\000i\000c\000a\000c\000i\000\363\000n\000\040\000d\000e\000\040\000C\000a\000s\000o\000s\000\040\000d\000e\000\040\000U\000s\000o}{}% 29
\BOOKMARK [1][-]{section.3.1}{\376\377\000I\000n\000t\000r\000o\000d\000u\000c\000c\000i\000\363\000n}{chapter.3}% 30
\BOOKMARK [1][-]{section.3.2}{\376\377\000M\000a\000p\000e\000o\000\040\000d\000e\000\040\000R\000e\000q\000u\000e\000r\000i\000m\000i\000e\000n\000t\000o\000s\000\040\000F\000u\000n\000c\000i\000o\000n\000a\000l\000e\000s\000\040\000a\000\040\000C\000a\000s\000o\000s\000\040\000d\000e\000\040\000U\000s\000o}{chapter.3}% 31
\BOOKMARK [1][-]{section.3.3}{\376\377\000C\000U\000-\0000\0001\000:\000\040\000R\000e\000g\000i\000s\000t\000r\000a\000r\000\040\000U\000s\000u\000a\000r\000i\000o}{chapter.3}% 32
\BOOKMARK [1][-]{section.3.4}{\376\377\000C\000U\000-\0000\0002\000:\000\040\000I\000n\000i\000c\000i\000a\000r\000\040\000S\000e\000s\000i\000\363\000n}{chapter.3}% 33
\BOOKMARK [1][-]{section.3.5}{\376\377\000C\000U\000-\0000\0003\000:\000\040\000R\000e\000c\000u\000p\000e\000r\000a\000r\000\040\000C\000o\000n\000t\000r\000a\000s\000e\000\361\000a}{chapter.3}% 34
\BOOKMARK [1][-]{section.3.6}{\376\377\000C\000U\000-\0000\0004\000:\000\040\000R\000e\000g\000i\000s\000t\000r\000a\000r\000\040\000I\000n\000g\000r\000e\000s\000o}{chapter.3}% 35
\BOOKMARK [1][-]{section.3.7}{\376\377\000C\000U\000-\0000\0005\000:\000\040\000R\000e\000g\000i\000s\000t\000r\000a\000r\000\040\000E\000g\000r\000e\000s\000o}{chapter.3}% 36
\BOOKMARK [1][-]{section.3.8}{\376\377\000C\000U\000-\0000\0006\000:\000\040\000R\000e\000g\000i\000s\000t\000r\000a\000r\000\040\000E\000g\000r\000e\000s\000o\000\040\000M\000a\000n\000u\000a\000l\000m\000e\000n\000t\000e}{chapter.3}% 37
\BOOKMARK [1][-]{section.3.9}{\376\377\000C\000U\000-\0000\0007\000:\000\040\000T\000o\000m\000a\000r\000\040\000F\000o\000t\000o\000\040\000d\000e\000\040\000T\000i\000c\000k\000e\000t}{chapter.3}% 38
\BOOKMARK [1][-]{section.3.10}{\376\377\000C\000U\000-\0000\0008\000:\000\040\000R\000e\000g\000i\000s\000t\000r\000a\000r\000\040\000T\000i\000c\000k\000e\000t\000\040\000M\000a\000n\000u\000a\000l\000m\000e\000n\000t\000e}{chapter.3}% 39
\BOOKMARK [1][-]{section.3.11}{\376\377\000C\000U\000-\0000\0009\000:\000\040\000V\000e\000r\000\040\000H\000i\000s\000t\000o\000r\000i\000a\000l\000\040\000d\000e\000\040\000N\000o\000t\000i\000f\000i\000c\000a\000c\000i\000o\000n\000e\000s}{chapter.3}% 40
\BOOKMARK [1][-]{section.3.12}{\376\377\000C\000U\000-\0001\0000\000:\000\040\000V\000i\000s\000u\000a\000l\000i\000z\000a\000r\000\040\000E\000s\000t\000a\000d\000\355\000s\000t\000i\000c\000a\000s\000\040\000p\000o\000r\000\040\000C\000a\000t\000e\000g\000o\000r\000\355\000a}{chapter.3}% 41
\BOOKMARK [1][-]{section.3.13}{\376\377\000C\000U\000-\0001\0001\000:\000\040\000M\000o\000d\000i\000f\000i\000c\000a\000r\000\040\000C\000a\000t\000e\000g\000o\000r\000\355\000a\000\040\000d\000e\000\040\000G\000a\000s\000t\000o\000s}{chapter.3}% 42
\BOOKMARK [1][-]{section.3.14}{\376\377\000C\000U\000-\0001\0002\000:\000\040\000P\000l\000a\000n\000i\000f\000i\000c\000a\000r\000\040\000P\000a\000g\000o\000\040\000d\000e\000\040\000D\000e\000u\000d\000a\000s}{chapter.3}% 43
\BOOKMARK [1][-]{section.3.15}{\376\377\000C\000U\000-\0001\0003\000:\000\040\000E\000s\000t\000a\000b\000l\000e\000c\000e\000r\000\040\000A\000l\000e\000r\000t\000a\000s\000\040\000d\000e\000\040\000P\000a\000g\000o\000\040\000d\000e\000\040\000D\000e\000u\000d\000a\000s}{chapter.3}% 44
\BOOKMARK [1][-]{section.3.16}{\376\377\000C\000U\000-\0001\0004\000:\000\040\000C\000o\000n\000f\000i\000g\000u\000r\000a\000r\000\040\000D\000e\000u\000d\000a\000s}{chapter.3}% 45
\BOOKMARK [1][-]{section.3.17}{\376\377\000C\000U\000-\0001\0005\000:\000\040\000R\000e\000g\000i\000s\000t\000r\000a\000r\000\040\000D\000e\000u\000d\000a\000s}{chapter.3}% 46
\BOOKMARK [1][-]{section.3.18}{\376\377\000C\000U\000-\0001\0006\000:\000\040\000C\000o\000n\000f\000i\000g\000u\000r\000a\000r\000\040\000P\000r\000e\000s\000u\000p\000u\000e\000s\000t\000o\000s}{chapter.3}% 47
\BOOKMARK [1][-]{section.3.19}{\376\377\000C\000U\000-\0001\0007\000:\000\040\000C\000o\000n\000f\000i\000g\000u\000r\000a\000r\000\040\000M\000e\000t\000a\000s\000\040\000d\000e\000\040\000A\000h\000o\000r\000r\000o}{chapter.3}% 48
\BOOKMARK [1][-]{section.3.20}{\376\377\000C\000U\000-\0001\0008\000:\000\040\000C\000o\000n\000s\000u\000l\000t\000a\000r\000\040\000H\000i\000s\000t\000o\000r\000i\000a\000l\000\040\000d\000e\000\040\000T\000r\000a\000n\000s\000a\000c\000c\000i\000o\000n\000e\000s}{chapter.3}% 49
\BOOKMARK [1][-]{section.3.21}{\376\377\000C\000U\000-\0001\0009\000:\000\040\000C\000o\000n\000s\000u\000l\000t\000a\000r\000\040\000T\000i\000c\000k\000e\000t\000s}{chapter.3}% 50
\BOOKMARK [1][-]{section.3.22}{\376\377\000C\000U\000-\0002\0000\000:\000\040\000E\000l\000i\000m\000i\000n\000a\000r\000\040\000T\000i\000c\000k\000e\000t\000s}{chapter.3}% 51
\BOOKMARK [1][-]{section.3.23}{\376\377\000C\000U\000-\0002\0001\000:\000\040\000E\000d\000i\000t\000a\000r\000\040\000P\000e\000r\000f\000i\000l}{chapter.3}% 52
\BOOKMARK [1][-]{section.3.24}{\376\377\000C\000U\000-\0002\0002\000:\000\040\000E\000l\000i\000m\000i\000n\000a\000r\000\040\000C\000u\000e\000n\000t\000a}{chapter.3}% 53
\BOOKMARK [1][-]{section.3.25}{\376\377\000C\000U\000-\0002\0003\000:\000\040\000V\000i\000s\000u\000a\000l\000i\000z\000a\000r\000\040\000G\000r\000\341\000f\000i\000c\000a\000s}{chapter.3}% 54
\BOOKMARK [1][-]{section.3.26}{\376\377\000C\000U\000-\0002\0004\000:\000\040\000G\000e\000n\000e\000r\000a\000r\000\040\000R\000e\000p\000o\000r\000t\000e\000s\000\040\000P\000D\000F}{chapter.3}% 55
\BOOKMARK [1][-]{section.3.27}{\376\377\000C\000U\000-\0002\0005\000:\000\040\000C\000a\000m\000b\000i\000a\000r\000\040\000T\000e\000m\000a\000\040\000A\000p\000l\000i\000c\000a\000c\000i\000\363\000n}{chapter.3}% 56
\BOOKMARK [1][-]{section.3.28}{\376\377\000C\000U\000-\0002\0006\000:\000\040\000E\000t\000i\000q\000u\000e\000t\000a\000r\000\040\000T\000i\000c\000k\000e\000t\000s}{chapter.3}% 57
\BOOKMARK [1][-]{section.3.29}{\376\377\000C\000U\000-\0002\0007\000:\000\040\000C\000o\000r\000r\000e\000g\000i\000r\000\040\000D\000a\000t\000o\000s\000\040\000E\000s\000c\000a\000n\000e\000a\000d\000o\000s}{chapter.3}% 58
\BOOKMARK [1][-]{section.3.30}{\376\377\000C\000U\000-\0002\0008\000:\000\040\000P\000l\000a\000n\000i\000f\000i\000c\000a\000r\000\040\000P\000r\000e\000s\000u\000p\000u\000e\000s\000t\000o\000s\000\040\000P\000e\000r\000s\000o\000n\000a\000l\000e\000s}{chapter.3}% 59
\BOOKMARK [1][-]{section.3.31}{\376\377\000C\000U\000-\0002\0009\000:\000\040\000V\000i\000s\000u\000a\000l\000i\000z\000a\000r\000\040\000G\000a\000s\000t\000o\000s}{chapter.3}% 60
\BOOKMARK [1][-]{section.3.32}{\376\377\000C\000U\000-\0003\0000\000:\000\040\000C\000o\000n\000s\000u\000l\000t\000a\000r\000\040\000C\000o\000n\000s\000e\000j\000o\000s\000\040\000P\000e\000r\000s\000o\000n\000a\000l\000i\000z\000a\000d\000o\000s}{chapter.3}% 61
\BOOKMARK [1][-]{section.3.33}{\376\377\000C\000U\000-\0003\0001\000:\000\040\000B\000u\000s\000c\000a\000r\000\040\000y\000\040\000F\000i\000l\000t\000r\000a\000r\000\040\000T\000i\000c\000k\000e\000t\000s}{chapter.3}% 62
\BOOKMARK [1][-]{section.3.34}{\376\377\000C\000U\000-\0003\0002\000:\000\040\000G\000e\000n\000e\000r\000a\000r\000\040\000R\000e\000p\000o\000r\000t\000e\000s\000\040\000E\000x\000c\000e\000l}{chapter.3}% 63
\BOOKMARK [1][-]{section.3.35}{\376\377\000C\000U\000-\0003\0003\000:\000\040\000C\000o\000m\000p\000a\000r\000t\000i\000r\000\040\000R\000e\000p\000o\000r\000t\000e\000s\000\040\000p\000o\000r\000\040\000C\000o\000r\000r\000e\000o}{chapter.3}% 64
\BOOKMARK [1][-]{section.3.36}{\376\377\000C\000U\000-\0003\0004\000:\000\040\000C\000o\000m\000p\000a\000r\000a\000r\000\040\000G\000a\000s\000t\000o\000s\000\040\000e\000n\000t\000r\000e\000\040\000M\000e\000s\000e\000s}{chapter.3}% 65
\BOOKMARK [1][-]{section.3.37}{\376\377\000C\000U\000-\0003\0005\000:\000\040\000C\000o\000n\000s\000u\000l\000t\000a\000r\000\040\000B\000a\000l\000a\000n\000c\000e\000\040\000v\000s\000\040\000E\000g\000r\000e\000s\000o\000s}{chapter.3}% 66
\BOOKMARK [1][-]{section.3.38}{\376\377\000C\000U\000-\0003\0006\000:\000\040\000V\000i\000s\000u\000a\000l\000i\000z\000a\000r\000\040\000E\000s\000t\000a\000d\000\355\000s\000t\000i\000c\000a\000s\000\040\000A\000v\000a\000n\000z\000a\000d\000a\000s}{chapter.3}% 67
\BOOKMARK [1][-]{section.3.39}{\376\377\000C\000U\000-\0003\0007\000:\000\040\000C\000a\000r\000g\000a\000r\000\040\000T\000i\000c\000k\000e\000t\000\040\000D\000i\000g\000i\000t\000a\000l}{chapter.3}% 68
\BOOKMARK [1][-]{section.3.40}{\376\377\000C\000U\000-\0003\0008\000:\000\040\000C\000o\000n\000f\000i\000g\000u\000r\000a\000r\000\040\000M\000e\000t\000a\000s\000\040\000d\000e\000s\000d\000e\000\040\000W\000e\000b}{chapter.3}% 69
\BOOKMARK [0][-]{chapter.4}{\376\377\000D\000i\000s\000e\000\361\000o\000\040\000d\000e\000l\000\040\000S\000i\000s\000t\000e\000m\000a}{}% 70
\BOOKMARK [1][-]{section.4.1}{\376\377\000A\000r\000q\000u\000i\000t\000e\000c\000t\000u\000r\000a\000\040\000G\000e\000n\000e\000r\000a\000l}{chapter.4}% 71
\BOOKMARK [1][-]{section.4.2}{\376\377\000C\000o\000m\000p\000o\000n\000e\000n\000t\000e\000s\000\040\000P\000r\000i\000n\000c\000i\000p\000a\000l\000e\000s}{chapter.4}% 72
\BOOKMARK [2][-]{subsection.4.2.1}{\376\377\000M\000\363\000d\000u\000l\000o\000\040\000d\000e\000\040\000A\000u\000t\000e\000n\000t\000i\000c\000a\000c\000i\000\363\000n}{section.4.2}% 73
\BOOKMARK [2][-]{subsection.4.2.2}{\376\377\000M\000\363\000d\000u\000l\000o\000\040\000O\000C\000R}{section.4.2}% 74
\BOOKMARK [2][-]{subsection.4.2.3}{\376\377\000M\000\363\000d\000u\000l\000o\000\040\000d\000e\000\040\000C\000a\000t\000e\000g\000o\000r\000i\000z\000a\000c\000i\000\363\000n}{section.4.2}% 75
\BOOKMARK [2][-]{subsection.4.2.4}{\376\377\000M\000\363\000d\000u\000l\000o\000\040\000d\000e\000\040\000P\000r\000e\000s\000u\000p\000u\000e\000s\000t\000a\000c\000i\000\363\000n}{section.4.2}% 76
\BOOKMARK [2][-]{subsection.4.2.5}{\376\377\000M\000\363\000d\000u\000l\000o\000\040\000d\000e\000\040\000R\000e\000p\000o\000r\000t\000e\000s}{section.4.2}% 77
\BOOKMARK [1][-]{section.4.3}{\376\377\000B\000a\000s\000e\000\040\000d\000e\000\040\000D\000a\000t\000o\000s}{chapter.4}% 78
\BOOKMARK [2][-]{subsection.4.3.1}{\376\377\000M\000o\000d\000e\000l\000o\000\040\000E\000n\000t\000i\000d\000a\000d\000-\000R\000e\000l\000a\000c\000i\000\363\000n}{section.4.3}% 79
\BOOKMARK [2][-]{subsection.4.3.2}{\376\377\000A\000l\000m\000a\000c\000e\000n\000a\000m\000i\000e\000n\000t\000o}{section.4.3}% 80
\BOOKMARK [1][-]{section.4.4}{\376\377\000I\000n\000t\000e\000r\000f\000a\000c\000e\000s\000\040\000d\000e\000\040\000U\000s\000u\000a\000r\000i\000o}{chapter.4}% 81
\BOOKMARK [2][-]{subsection.4.4.1}{\376\377\000P\000r\000i\000n\000c\000i\000p\000i\000o\000s\000\040\000d\000e\000\040\000D\000i\000s\000e\000\361\000o}{section.4.4}% 82
\BOOKMARK [2][-]{subsection.4.4.2}{\376\377\000P\000a\000n\000t\000a\000l\000l\000a\000s\000\040\000P\000r\000i\000n\000c\000i\000p\000a\000l\000e\000s}{section.4.4}% 83
\BOOKMARK [1][-]{section.4.5}{\376\377\000S\000e\000g\000u\000r\000i\000d\000a\000d}{chapter.4}% 84
\BOOKMARK [2][-]{subsection.4.5.1}{\376\377\000E\000n\000c\000r\000i\000p\000t\000a\000c\000i\000\363\000n}{section.4.5}% 85
\BOOKMARK [2][-]{subsection.4.5.2}{\376\377\000P\000r\000i\000v\000a\000c\000i\000d\000a\000d}{section.4.5}% 86
\BOOKMARK [1][-]{section.4.6}{\376\377\000I\000n\000t\000e\000g\000r\000a\000c\000i\000\363\000n\000\040\000c\000o\000n\000\040\000S\000e\000r\000v\000i\000c\000i\000o\000s\000\040\000E\000x\000t\000e\000r\000n\000o\000s}{chapter.4}% 87
\BOOKMARK [2][-]{subsection.4.6.1}{\376\377\000S\000e\000r\000v\000i\000c\000i\000o\000s\000\040\000d\000e\000\040\000G\000o\000o\000g\000l\000e}{section.4.6}% 88
\BOOKMARK [2][-]{subsection.4.6.2}{\376\377\000A\000P\000I\000s\000\040\000F\000i\000n\000a\000n\000c\000i\000e\000r\000a\000s}{section.4.6}% 89
\BOOKMARK [0][-]{chapter.5}{\376\377\000C\000o\000n\000c\000l\000u\000s\000i\000o\000n\000e\000s}{}% 90
\BOOKMARK [1][-]{section.5.1}{\376\377\000R\000e\000s\000u\000m\000e\000n\000\040\000d\000e\000l\000\040\000A\000n\000\341\000l\000i\000s\000i\000s}{chapter.5}% 91
\BOOKMARK [1][-]{section.5.2}{\376\377\000P\000r\000i\000n\000c\000i\000p\000a\000l\000e\000s\000\040\000H\000a\000l\000l\000a\000z\000g\000o\000s}{chapter.5}% 92
\BOOKMARK [2][-]{subsection.5.2.1}{\376\377\000F\000o\000r\000t\000a\000l\000e\000z\000a\000s\000\040\000d\000e\000l\000\040\000D\000i\000s\000e\000\361\000o}{section.5.2}% 93
\BOOKMARK [2][-]{subsection.5.2.2}{\376\377\000C\000o\000n\000s\000i\000d\000e\000r\000a\000c\000i\000o\000n\000e\000s\000\040\000T\000\351\000c\000n\000i\000c\000a\000s}{section.5.2}% 94
\BOOKMARK [1][-]{section.5.3}{\376\377\000I\000m\000p\000a\000c\000t\000o\000\040\000E\000s\000p\000e\000r\000a\000d\000o}{chapter.5}% 95
\BOOKMARK [2][-]{subsection.5.3.1}{\376\377\000P\000a\000r\000a\000\040\000l\000o\000s\000\040\000U\000s\000u\000a\000r\000i\000o\000s}{section.5.3}% 96
\BOOKMARK [2][-]{subsection.5.3.2}{\376\377\000P\000a\000r\000a\000\040\000e\000l\000\040\000\301\000m\000b\000i\000t\000o\000\040\000A\000c\000a\000d\000\351\000m\000i\000c\000o}{section.5.3}% 97
\BOOKMARK [1][-]{section.5.4}{\376\377\000T\000r\000a\000b\000a\000j\000o\000\040\000F\000u\000t\000u\000r\000o}{chapter.5}% 98
\BOOKMARK [2][-]{subsection.5.4.1}{\376\377\000M\000e\000j\000o\000r\000a\000s\000\040\000T\000e\000c\000n\000o\000l\000\363\000g\000i\000c\000a\000s}{section.5.4}% 99
\BOOKMARK [2][-]{subsection.5.4.2}{\376\377\000F\000u\000n\000c\000i\000o\000n\000a\000l\000i\000d\000a\000d\000e\000s\000\040\000A\000d\000i\000c\000i\000o\000n\000a\000l\000e\000s}{section.5.4}% 100
\BOOKMARK [1][-]{section.5.5}{\376\377\000C\000o\000n\000c\000l\000u\000s\000i\000\363\000n\000\040\000F\000i\000n\000a\000l}{chapter.5}% 101
